=> Booting WEBrick
=> Rails 3.2.15 application starting in development on http://0.0.0.0:3000
=> Call with -d to detach
=> Ctrl-C to shutdown server
[2013-11-26 10:05:23] INFO  WEBrick 1.3.1
[2013-11-26 10:05:23] INFO  ruby 1.9.3 (2012-04-20) [x86_64-linux]
[2013-11-26 10:05:23] INFO  WEBrick::HTTPServer#start: pid=4904 port=3000


Started GET "/" for 101.5.100.9 at 2013-11-26 10:05:42 +0800
Connecting to database specified by database.yml
Processing by VisitorIndexController#show as HTML
  [1m[36mArticle Load (0.2ms)[0m  [1mSELECT "articles".* FROM "articles" [0m
  [1m[35mCategory Load (0.2ms)[0m  SELECT "categories".* FROM "categories" WHERE "categories"."parent" = 0 ORDER BY "order"
  [1m[36mCACHE (0.0ms)[0m  [1mSELECT "categories".* FROM "categories" WHERE "categories"."parent" = 0 ORDER BY "order"[0m
  [1m[35mCategory Load (0.2ms)[0m  SELECT "categories".* FROM "categories" WHERE "categories"."parent" = 1 ORDER BY "order"
  [1m[36mCategory Load (0.1ms)[0m  [1mSELECT "categories".* FROM "categories" WHERE "categories"."parent" = 2 ORDER BY "order"[0m
  [1m[35mLesson Load (0.1ms)[0m  SELECT "lessons".* FROM "lessons" 
  [1m[36mCACHE (0.0ms)[0m  [1mSELECT "lessons".* FROM "lessons" [0m
  [1m[35mCACHE (0.0ms)[0m  SELECT "lessons".* FROM "lessons" 
  [1m[36m (0.2ms)[0m  [1mSELECT COUNT(*) FROM "articles" WHERE "articles"."category_id" = 1[0m
  [1m[35mArticle Load (0.2ms)[0m  SELECT "articles".* FROM "articles" WHERE "articles"."category_id" = 1
  [1m[36m (0.2ms)[0m  [1mSELECT COUNT(*) FROM "articles" WHERE "articles"."category_id" = 2[0m
  [1m[35mArticle Load (0.1ms)[0m  SELECT "articles".* FROM "articles" WHERE "articles"."category_id" = 2
  Rendered visitor_index/show.html.haml within layouts/application (100.0ms)
Completed 200 OK in 326.1ms (Views: 187.1ms | ActiveRecord: 4.1ms)
[2013-11-26 10:05:49] WARN  Could not determine content-length of response body. Set content-length of the response or set Response#chunked = true
[2013-11-26 10:05:54] WARN  Could not determine content-length of response body. Set content-length of the response or set Response#chunked = true
[2013-11-26 10:05:54] WARN  Could not determine content-length of response body. Set content-length of the response or set Response#chunked = true


Started GET "/" for 101.5.100.9 at 2013-11-26 10:33:05 +0800
Processing by VisitorIndexController#show as HTML
  [1m[36mArticle Load (0.5ms)[0m  [1mSELECT "articles".* FROM "articles" [0m
  [1m[35mCategory Load (0.3ms)[0m  SELECT "categories".* FROM "categories" WHERE "categories"."parent" = 0 ORDER BY "order"
  [1m[36mCACHE (0.0ms)[0m  [1mSELECT "categories".* FROM "categories" WHERE "categories"."parent" = 0 ORDER BY "order"[0m
  [1m[35mCategory Load (0.1ms)[0m  SELECT "categories".* FROM "categories" WHERE "categories"."parent" = 1 ORDER BY "order"
  [1m[36mCategory Load (0.1ms)[0m  [1mSELECT "categories".* FROM "categories" WHERE "categories"."parent" = 2 ORDER BY "order"[0m
  [1m[35mLesson Load (0.1ms)[0m  SELECT "lessons".* FROM "lessons" 
  [1m[36mCACHE (0.0ms)[0m  [1mSELECT "lessons".* FROM "lessons" [0m
  [1m[35mCACHE (0.0ms)[0m  SELECT "lessons".* FROM "lessons" 
  [1m[36m (0.2ms)[0m  [1mSELECT COUNT(*) FROM "articles" WHERE "articles"."category_id" = 1[0m
  [1m[35mArticle Load (0.1ms)[0m  SELECT "articles".* FROM "articles" WHERE "articles"."category_id" = 1
  [1m[36m (0.1ms)[0m  [1mSELECT COUNT(*) FROM "articles" WHERE "articles"."category_id" = 2[0m
  [1m[35mArticle Load (0.1ms)[0m  SELECT "articles".* FROM "articles" WHERE "articles"."category_id" = 2
  Rendered visitor_index/show.html.haml within layouts/application (9.9ms)
Completed 200 OK in 20.2ms (Views: 12.6ms | ActiveRecord: 1.6ms)
[2013-11-26 10:33:11] WARN  Could not determine content-length of response body. Set content-length of the response or set Response#chunked = true
[2013-11-26 10:33:16] WARN  Could not determine content-length of response body. Set content-length of the response or set Response#chunked = true
[2013-11-26 10:33:16] WARN  Could not determine content-length of response body. Set content-length of the response or set Response#chunked = true


Started GET "/assets/banner.gif" for 101.5.100.9 at 2013-11-26 10:33:16 +0800

ActionController::RoutingError (No route matches [GET] "/assets/banner.gif"):
  actionpack (3.2.15) lib/action_dispatch/middleware/debug_exceptions.rb:21:in `call'
  actionpack (3.2.15) lib/action_dispatch/middleware/show_exceptions.rb:56:in `call'
  railties (3.2.15) lib/rails/rack/logger.rb:32:in `call_app'
  railties (3.2.15) lib/rails/rack/logger.rb:16:in `block in call'
  activesupport (3.2.15) lib/active_support/tagged_logging.rb:22:in `tagged'
  railties (3.2.15) lib/rails/rack/logger.rb:16:in `call'
  actionpack (3.2.15) lib/action_dispatch/middleware/request_id.rb:22:in `call'
  rack (1.4.5) lib/rack/methodoverride.rb:21:in `call'
  rack (1.4.5) lib/rack/runtime.rb:17:in `call'
  activesupport (3.2.15) lib/active_support/cache/strategy/local_cache.rb:72:in `call'
  rack (1.4.5) lib/rack/lock.rb:15:in `call'
  actionpack (3.2.15) lib/action_dispatch/middleware/static.rb:63:in `call'
  railties (3.2.15) lib/rails/engine.rb:484:in `call'
  railties (3.2.15) lib/rails/application.rb:231:in `call'
  rack (1.4.5) lib/rack/content_length.rb:14:in `call'
  railties (3.2.15) lib/rails/rack/log_tailer.rb:17:in `call'
  rack (1.4.5) lib/rack/handler/webrick.rb:59:in `service'
  /usr/lib/ruby/1.9.1/webrick/httpserver.rb:138:in `service'
  /usr/lib/ruby/1.9.1/webrick/httpserver.rb:94:in `run'
  /usr/lib/ruby/1.9.1/webrick/server.rb:191:in `block in start_thread'


  Rendered /var/lib/gems/1.9.1/gems/actionpack-3.2.15/lib/action_dispatch/middleware/templates/rescues/routing_error.erb within rescues/layout (1.1ms)


Started GET "/" for 101.5.100.9 at 2013-11-26 10:37:06 +0800
Processing by VisitorIndexController#show as HTML
  [1m[36mArticle Load (0.5ms)[0m  [1mSELECT "articles".* FROM "articles" [0m
  [1m[35mCategory Load (0.3ms)[0m  SELECT "categories".* FROM "categories" WHERE "categories"."parent" = 0 ORDER BY "order"
  [1m[36mCACHE (0.0ms)[0m  [1mSELECT "categories".* FROM "categories" WHERE "categories"."parent" = 0 ORDER BY "order"[0m
  [1m[35mCategory Load (0.3ms)[0m  SELECT "categories".* FROM "categories" WHERE "categories"."parent" = 1 ORDER BY "order"
  [1m[36mCategory Load (0.3ms)[0m  [1mSELECT "categories".* FROM "categories" WHERE "categories"."parent" = 2 ORDER BY "order"[0m
  [1m[35mLesson Load (0.2ms)[0m  SELECT "lessons".* FROM "lessons" 
  [1m[36mCACHE (0.0ms)[0m  [1mSELECT "lessons".* FROM "lessons" [0m
  [1m[35mCACHE (0.0ms)[0m  SELECT "lessons".* FROM "lessons" 
  [1m[36m (0.2ms)[0m  [1mSELECT COUNT(*) FROM "articles" WHERE "articles"."category_id" = 1[0m
  [1m[35mArticle Load (0.1ms)[0m  SELECT "articles".* FROM "articles" WHERE "articles"."category_id" = 1
  [1m[36m (0.1ms)[0m  [1mSELECT COUNT(*) FROM "articles" WHERE "articles"."category_id" = 2[0m
  [1m[35mArticle Load (0.1ms)[0m  SELECT "articles".* FROM "articles" WHERE "articles"."category_id" = 2
  Rendered visitor_index/show.html.haml within layouts/application (10.1ms)
Completed 200 OK in 22.2ms (Views: 12.2ms | ActiveRecord: 2.0ms)


Started GET "/" for 101.5.100.9 at 2013-11-26 10:40:28 +0800
Processing by VisitorIndexController#show as HTML
  [1m[36mArticle Load (0.4ms)[0m  [1mSELECT "articles".* FROM "articles" [0m
  [1m[35mCategory Load (0.3ms)[0m  SELECT "categories".* FROM "categories" WHERE "categories"."parent" = 0 ORDER BY "order"
  [1m[36mCACHE (0.0ms)[0m  [1mSELECT "categories".* FROM "categories" WHERE "categories"."parent" = 0 ORDER BY "order"[0m
  [1m[35mCategory Load (0.2ms)[0m  SELECT "categories".* FROM "categories" WHERE "categories"."parent" = 1 ORDER BY "order"
  [1m[36mCategory Load (0.1ms)[0m  [1mSELECT "categories".* FROM "categories" WHERE "categories"."parent" = 2 ORDER BY "order"[0m
  [1m[35mLesson Load (0.1ms)[0m  SELECT "lessons".* FROM "lessons" 
  [1m[36mCACHE (0.0ms)[0m  [1mSELECT "lessons".* FROM "lessons" [0m
  [1m[35mCACHE (0.0ms)[0m  SELECT "lessons".* FROM "lessons" 
  [1m[36m (0.2ms)[0m  [1mSELECT COUNT(*) FROM "articles" WHERE "articles"."category_id" = 1[0m
  [1m[35mArticle Load (0.1ms)[0m  SELECT "articles".* FROM "articles" WHERE "articles"."category_id" = 1
  [1m[36m (0.1ms)[0m  [1mSELECT COUNT(*) FROM "articles" WHERE "articles"."category_id" = 2[0m
  [1m[35mArticle Load (0.1ms)[0m  SELECT "articles".* FROM "articles" WHERE "articles"."category_id" = 2
  Rendered visitor_index/show.html.haml within layouts/application (10.1ms)
Completed 200 OK in 21.3ms (Views: 12.7ms | ActiveRecord: 1.7ms)


Started GET "/" for 101.5.100.9 at 2013-11-26 10:41:27 +0800
Processing by VisitorIndexController#show as HTML
  [1m[36mArticle Load (0.4ms)[0m  [1mSELECT "articles".* FROM "articles" [0m
  [1m[35mCategory Load (0.3ms)[0m  SELECT "categories".* FROM "categories" WHERE "categories"."parent" = 0 ORDER BY "order"
  [1m[36mCACHE (0.0ms)[0m  [1mSELECT "categories".* FROM "categories" WHERE "categories"."parent" = 0 ORDER BY "order"[0m
  [1m[35mCategory Load (0.3ms)[0m  SELECT "categories".* FROM "categories" WHERE "categories"."parent" = 1 ORDER BY "order"
  [1m[36mCategory Load (0.3ms)[0m  [1mSELECT "categories".* FROM "categories" WHERE "categories"."parent" = 2 ORDER BY "order"[0m
  [1m[35mLesson Load (0.2ms)[0m  SELECT "lessons".* FROM "lessons" 
  [1m[36mCACHE (0.0ms)[0m  [1mSELECT "lessons".* FROM "lessons" [0m
  [1m[35mCACHE (0.0ms)[0m  SELECT "lessons".* FROM "lessons" 
  [1m[36m (0.2ms)[0m  [1mSELECT COUNT(*) FROM "articles" WHERE "articles"."category_id" = 1[0m
  [1m[35mArticle Load (0.1ms)[0m  SELECT "articles".* FROM "articles" WHERE "articles"."category_id" = 1
  [1m[36m (0.1ms)[0m  [1mSELECT COUNT(*) FROM "articles" WHERE "articles"."category_id" = 2[0m
  [1m[35mArticle Load (0.1ms)[0m  SELECT "articles".* FROM "articles" WHERE "articles"."category_id" = 2
  Rendered visitor_index/show.html.haml within layouts/application (10.0ms)
Completed 200 OK in 24.5ms (Views: 13.5ms | ActiveRecord: 2.0ms)
